[2023-02-26 10:27:25] local.ERROR: View [welcome] not found. {"exception":"[object] (InvalidArgumentException(code: 0): View [welcome] not found. at /home/technothug/Desktop/laravel_test/inventory-management/vendor/laravel/framework/src/Illuminate/View/FileViewFinder.php:137)
[stacktrace]
#0 /home/technothug/Desktop/laravel_test/inventory-management/vendor/laravel/framework/src/Illuminate/View/FileViewFinder.php(79): Illuminate\\View\\FileViewFinder->findInPaths()
#1 /home/technothug/Desktop/laravel_test/inventory-management/vendor/laravel/framework/src/Illuminate/View/Factory.php(136): Illuminate\\View\\FileViewFinder->find()
#2 /home/technothug/Desktop/laravel_test/inventory-management/vendor/laravel/framework/src/Illuminate/Foundation/helpers.php(948): Illuminate\\View\\Factory->make()
#3 /home/technothug/Desktop/laravel_test/inventory-management/routes/web.php(9): view()
#4 /home/technothug/Desktop/laravel_test/inventory-management/vendor/laravel/framework/src/Illuminate/Routing/Route.php(236): Illuminate\\Routing\\RouteFileRegistrar->{closure}()
#5 /home/technothug/Desktop/laravel_test/inventory-management/vendor/laravel/framework/src/Illuminate/Routing/Route.php(207): Illuminate\\Routing\\Route->runCallable()
#6 /home/technothug/Desktop/laravel_test/inventory-management/vendor/laravel/framework/src/Illuminate/Routing/Router.php(725): Illuminate\\Routing\\Route->run()
#7 /home/technothug/Desktop/laravel_test/inventory-management/vendor/laravel/framework/src/Illuminate/Pipeline/Pipeline.php(141): Illuminate\\Routing\\Router->Illuminate\\Routing\\{closure}()
#8 /home/technothug/Desktop/laravel_test/inventory-management/vendor/laravel/framework/src/Illuminate/Routing/Middleware/SubstituteBindings.php(50): Illuminate\\Pipeline\\Pipeline->Illuminate\\Pipeline\\{closure}()
#9 /home/technothug/Desktop/laravel_test/inventory-management/vendor/laravel/framework/src/Illuminate/Pipeline/Pipeline.php(180): Illuminate\\Routing\\Middleware\\SubstituteBindings->handle()
#10 /home/technothug/Desktop/laravel_test/inventory-management/vendor/laravel/framework/src/Illuminate/Foundation/Http/Middleware/VerifyCsrfToken.php(78): Illuminate\\Pipeline\\Pipeline->Illuminate\\Pipeline\\{closure}()
#11 /home/technothug/Desktop/laravel_test/inventory-management/vendor/laravel/framework/src/Illuminate/Pipeline/Pipeline.php(180): Illuminate\\Foundation\\Http\\Middleware\\VerifyCsrfToken->handle()
#12 /home/technothug/Desktop/laravel_test/inventory-management/vendor/laravel/framework/src/Illuminate/View/Middleware/ShareErrorsFromSession.php(49): Illuminate\\Pipeline\\Pipeline->Illuminate\\Pipeline\\{closure}()
#13 /home/technothug/Desktop/laravel_test/inventory-management/vendor/laravel/framework/src/Illuminate/Pipeline/Pipeline.php(180): Illuminate\\View\\Middleware\\ShareErrorsFromSession->handle()
#14 /home/technothug/Desktop/laravel_test/inventory-management/vendor/laravel/framework/src/Illuminate/Session/Middleware/StartSession.php(121): Illuminate\\Pipeline\\Pipeline->Illuminate\\Pipeline\\{closure}()
#15 /home/technothug/Desktop/laravel_test/inventory-management/vendor/laravel/framework/src/Illuminate/Session/Middleware/StartSession.php(64): Illuminate\\Session\\Middleware\\StartSession->handleStatefulRequest()
#16 /home/technothug/Desktop/laravel_test/inventory-management/vendor/laravel/framework/src/Illuminate/Pipeline/Pipeline.php(180): Illuminate\\Session\\Middleware\\StartSession->handle()
#17 /home/technothug/Desktop/laravel_test/inventory-management/vendor/laravel/framework/src/Illuminate/Cookie/Middleware/AddQueuedCookiesToResponse.php(37): Illuminate\\Pipeline\\Pipeline->Illuminate\\Pipeline\\{closure}()
#18 /home/technothug/Desktop/laravel_test/inventory-management/vendor/laravel/framework/src/Illuminate/Pipeline/Pipeline.php(180): Illuminate\\Cookie\\Middleware\\AddQueuedCookiesToResponse->handle()
#19 /home/technothug/Desktop/laravel_test/inventory-management/vendor/laravel/framework/src/Illuminate/Cookie/Middleware/EncryptCookies.php(67): Illuminate\\Pipeline\\Pipeline->Illuminate\\Pipeline\\{closure}()
#20 /home/technothug/Desktop/laravel_test/inventory-management/vendor/laravel/framework/src/Illuminate/Pipeline/Pipeline.php(180): Illuminate\\Cookie\\Middleware\\EncryptCookies->handle()
#21 /home/technothug/Desktop/laravel_test/inventory-management/vendor/laravel/framework/src/Illuminate/Pipeline/Pipeline.php(116): Illuminate\\Pipeline\\Pipeline->Illuminate\\Pipeline\\{closure}()
#22 /home/technothug/Desktop/laravel_test/inventory-management/vendor/laravel/framework/src/Illuminate/Routing/Router.php(723): Illuminate\\Pipeline\\Pipeline->then()
#23 /home/technothug/Desktop/laravel_test/inventory-management/vendor/laravel/framework/src/Illuminate/Routing/Router.php(702): Illuminate\\Routing\\Router->runRouteWithinStack()
#24 /home/technothug/Desktop/laravel_test/inventory-management/vendor/laravel/framework/src/Illuminate/Routing/Router.php(666): Illuminate\\Routing\\Router->runRoute()
#25 /home/technothug/Desktop/laravel_test/inventory-management/vendor/laravel/framework/src/Illuminate/Routing/Router.php(655): Illuminate\\Routing\\Router->dispatchToRoute()
#26 /home/technothug/Desktop/laravel_test/inventory-management/vendor/laravel/framework/src/Illuminate/Foundation/Http/Kernel.php(167): Illuminate\\Routing\\Router->dispatch()
#27 /home/technothug/Desktop/laravel_test/inventory-management/vendor/laravel/framework/src/Illuminate/Pipeline/Pipeline.php(141): Illuminate\\Foundation\\Http\\Kernel->Illuminate\\Foundation\\Http\\{closure}()
#28 /home/technothug/Desktop/laravel_test/inventory-management/vendor/laravel/framework/src/Illuminate/Foundation/Http/Middleware/TransformsRequest.php(21): Illuminate\\Pipeline\\Pipeline->Illuminate\\Pipeline\\{closure}()
#29 /home/technothug/Desktop/laravel_test/inventory-management/vendor/laravel/framework/src/Illuminate/Foundation/Http/Middleware/ConvertEmptyStringsToNull.php(31): Illuminate\\Foundation\\Http\\Middleware\\TransformsRequest->handle()
#30 /home/technothug/Desktop/laravel_test/inventory-management/vendor/laravel/framework/src/Illuminate/Pipeline/Pipeline.php(180): Illuminate\\Foundation\\Http\\Middleware\\ConvertEmptyStringsToNull->handle()
#31 /home/technothug/Desktop/laravel_test/inventory-management/vendor/laravel/framework/src/Illuminate/Foundation/Http/Middleware/TransformsRequest.php(21): Illuminate\\Pipeline\\Pipeline->Illuminate\\Pipeline\\{closure}()
#32 /home/technothug/Desktop/laravel_test/inventory-management/vendor/laravel/framework/src/Illuminate/Foundation/Http/Middleware/TrimStrings.php(40): Illuminate\\Foundation\\Http\\Middleware\\TransformsRequest->handle()
#33 /home/technothug/Desktop/laravel_test/inventory-management/vendor/laravel/framework/src/Illuminate/Pipeline/Pipeline.php(180): Illuminate\\Foundation\\Http\\Middleware\\TrimStrings->handle()
#34 /home/technothug/Desktop/laravel_test/inventory-management/vendor/laravel/framework/src/Illuminate/Foundation/Http/Middleware/ValidatePostSize.php(27): Illuminate\\Pipeline\\Pipeline->Illuminate\\Pipeline\\{closure}()
#35 /home/technothug/Desktop/laravel_test/inventory-management/vendor/laravel/framework/src/Illuminate/Pipeline/Pipeline.php(180): Illuminate\\Foundation\\Http\\Middleware\\ValidatePostSize->handle()
#36 /home/technothug/Desktop/laravel_test/inventory-management/vendor/laravel/framework/src/Illuminate/Foundation/Http/Middleware/PreventRequestsDuringMaintenance.php(86): Illuminate\\Pipeline\\Pipeline->Illuminate\\Pipeline\\{closure}()
#37 /home/technothug/Desktop/laravel_test/inventory-management/vendor/laravel/framework/src/Illuminate/Pipeline/Pipeline.php(180): Illuminate\\Foundation\\Http\\Middleware\\PreventRequestsDuringMaintenance->handle()
#38 /home/technothug/Desktop/laravel_test/inventory-management/vendor/laravel/framework/src/Illuminate/Http/Middleware/HandleCors.php(49): Illuminate\\Pipeline\\Pipeline->Illuminate\\Pipeline\\{closure}()
#39 /home/technothug/Desktop/laravel_test/inventory-management/vendor/laravel/framework/src/Illuminate/Pipeline/Pipeline.php(180): Illuminate\\Http\\Middleware\\HandleCors->handle()
#40 /home/technothug/Desktop/laravel_test/inventory-management/vendor/laravel/framework/src/Illuminate/Http/Middleware/TrustProxies.php(39): Illuminate\\Pipeline\\Pipeline->Illuminate\\Pipeline\\{closure}()
#41 /home/technothug/Desktop/laravel_test/inventory-management/vendor/laravel/framework/src/Illuminate/Pipeline/Pipeline.php(180): Illuminate\\Http\\Middleware\\TrustProxies->handle()
#42 /home/technothug/Desktop/laravel_test/inventory-management/vendor/laravel/framework/src/Illuminate/Pipeline/Pipeline.php(116): Illuminate\\Pipeline\\Pipeline->Illuminate\\Pipeline\\{closure}()
#43 /home/technothug/Desktop/laravel_test/inventory-management/vendor/laravel/framework/src/Illuminate/Foundation/Http/Kernel.php(142): Illuminate\\Pipeline\\Pipeline->then()
#44 /home/technothug/Desktop/laravel_test/inventory-management/vendor/laravel/framework/src/Illuminate/Foundation/Http/Kernel.php(111): Illuminate\\Foundation\\Http\\Kernel->sendRequestThroughRouter()
#45 /home/technothug/Desktop/laravel_test/inventory-management/public/index.php(51): Illuminate\\Foundation\\Http\\Kernel->handle()
#46 /home/technothug/Desktop/laravel_test/inventory-management/vendor/laravel/framework/src/Illuminate/Foundation/resources/server.php(16): require_once('...')
#47 {main}
"} 
[2023-02-26 10:27:25] local.ERROR: Carbon\Carbon::setLastErrors(): Argument #1 ($lastErrors) must be of type array, bool given, called in /home/technothug/Desktop/laravel_test/inventory-management/vendor/nesbot/carbon/src/Carbon/Traits/Creator.php on line 98 {"exception":"[object] (TypeError(code: 0): Carbon\\Carbon::setLastErrors(): Argument #1 ($lastErrors) must be of type array, bool given, called in /home/technothug/Desktop/laravel_test/inventory-management/vendor/nesbot/carbon/src/Carbon/Traits/Creator.php on line 98 at /home/technothug/Desktop/laravel_test/inventory-management/vendor/nesbot/carbon/src/Carbon/Traits/Creator.php:928)
[stacktrace]
#0 /home/technothug/Desktop/laravel_test/inventory-management/vendor/nesbot/carbon/src/Carbon/Traits/Creator.php(98): Carbon\\Carbon::setLastErrors()
#1 /home/technothug/Desktop/laravel_test/inventory-management/vendor/nesbot/carbon/src/Carbon/Traits/Creator.php(252): Carbon\\Carbon->__construct()
#2 /home/technothug/Desktop/laravel_test/inventory-management/vendor/laravel/framework/src/Illuminate/Support/InteractsWithTime.php(37): Carbon\\Carbon::now()
#3 /home/technothug/Desktop/laravel_test/inventory-management/vendor/laravel/framework/src/Illuminate/Foundation/Http/Middleware/VerifyCsrfToken.php(208): Illuminate\\Foundation\\Http\\Middleware\\VerifyCsrfToken->availableAt()
#4 /home/technothug/Desktop/laravel_test/inventory-management/vendor/laravel/framework/src/Illuminate/Foundation/Http/Middleware/VerifyCsrfToken.php(191): Illuminate\\Foundation\\Http\\Middleware\\VerifyCsrfToken->newCookie()
#5 /home/technothug/Desktop/laravel_test/inventory-management/vendor/laravel/framework/src/Illuminate/Foundation/Http/Middleware/VerifyCsrfToken.php(80): Illuminate\\Foundation\\Http\\Middleware\\VerifyCsrfToken->addCookieToResponse()
#6 /home/technothug/Desktop/laravel_test/inventory-management/vendor/laravel/framework/src/Illuminate/Support/helpers.php(302): Illuminate\\Foundation\\Http\\Middleware\\VerifyCsrfToken->Illuminate\\Foundation\\Http\\Middleware\\{closure}()
#7 /home/technothug/Desktop/laravel_test/inventory-management/vendor/laravel/framework/src/Illuminate/Foundation/Http/Middleware/VerifyCsrfToken.php(78): tap()
#8 /home/technothug/Desktop/laravel_test/inventory-management/vendor/laravel/framework/src/Illuminate/Pipeline/Pipeline.php(180): Illuminate\\Foundation\\Http\\Middleware\\VerifyCsrfToken->handle()
#9 /home/technothug/Desktop/laravel_test/inventory-management/vendor/laravel/framework/src/Illuminate/View/Middleware/ShareErrorsFromSession.php(49): Illuminate\\Pipeline\\Pipeline->Illuminate\\Pipeline\\{closure}()
#10 /home/technothug/Desktop/laravel_test/inventory-management/vendor/laravel/framework/src/Illuminate/Pipeline/Pipeline.php(180): Illuminate\\View\\Middleware\\ShareErrorsFromSession->handle()
#11 /home/technothug/Desktop/laravel_test/inventory-management/vendor/laravel/framework/src/Illuminate/Session/Middleware/StartSession.php(121): Illuminate\\Pipeline\\Pipeline->Illuminate\\Pipeline\\{closure}()
#12 /home/technothug/Desktop/laravel_test/inventory-management/vendor/laravel/framework/src/Illuminate/Session/Middleware/StartSession.php(64): Illuminate\\Session\\Middleware\\StartSession->handleStatefulRequest()
#13 /home/technothug/Desktop/laravel_test/inventory-management/vendor/laravel/framework/src/Illuminate/Pipeline/Pipeline.php(180): Illuminate\\Session\\Middleware\\StartSession->handle()
#14 /home/technothug/Desktop/laravel_test/inventory-management/vendor/laravel/framework/src/Illuminate/Cookie/Middleware/AddQueuedCookiesToResponse.php(37): Illuminate\\Pipeline\\Pipeline->Illuminate\\Pipeline\\{closure}()
#15 /home/technothug/Desktop/laravel_test/inventory-management/vendor/laravel/framework/src/Illuminate/Pipeline/Pipeline.php(180): Illuminate\\Cookie\\Middleware\\AddQueuedCookiesToResponse->handle()
#16 /home/technothug/Desktop/laravel_test/inventory-management/vendor/laravel/framework/src/Illuminate/Cookie/Middleware/EncryptCookies.php(67): Illuminate\\Pipeline\\Pipeline->Illuminate\\Pipeline\\{closure}()
#17 /home/technothug/Desktop/laravel_test/inventory-management/vendor/laravel/framework/src/Illuminate/Pipeline/Pipeline.php(180): Illuminate\\Cookie\\Middleware\\EncryptCookies->handle()
#18 /home/technothug/Desktop/laravel_test/inventory-management/vendor/laravel/framework/src/Illuminate/Pipeline/Pipeline.php(116): Illuminate\\Pipeline\\Pipeline->Illuminate\\Pipeline\\{closure}()
#19 /home/technothug/Desktop/laravel_test/inventory-management/vendor/laravel/framework/src/Illuminate/Routing/Router.php(723): Illuminate\\Pipeline\\Pipeline->then()
#20 /home/technothug/Desktop/laravel_test/inventory-management/vendor/laravel/framework/src/Illuminate/Routing/Router.php(702): Illuminate\\Routing\\Router->runRouteWithinStack()
#21 /home/technothug/Desktop/laravel_test/inventory-management/vendor/laravel/framework/src/Illuminate/Routing/Router.php(666): Illuminate\\Routing\\Router->runRoute()
#22 /home/technothug/Desktop/laravel_test/inventory-management/vendor/laravel/framework/src/Illuminate/Routing/Router.php(655): Illuminate\\Routing\\Router->dispatchToRoute()
#23 /home/technothug/Desktop/laravel_test/inventory-management/vendor/laravel/framework/src/Illuminate/Foundation/Http/Kernel.php(167): Illuminate\\Routing\\Router->dispatch()
#24 /home/technothug/Desktop/laravel_test/inventory-management/vendor/laravel/framework/src/Illuminate/Pipeline/Pipeline.php(141): Illuminate\\Foundation\\Http\\Kernel->Illuminate\\Foundation\\Http\\{closure}()
#25 /home/technothug/Desktop/laravel_test/inventory-management/vendor/laravel/framework/src/Illuminate/Foundation/Http/Middleware/TransformsRequest.php(21): Illuminate\\Pipeline\\Pipeline->Illuminate\\Pipeline\\{closure}()
#26 /home/technothug/Desktop/laravel_test/inventory-management/vendor/laravel/framework/src/Illuminate/Foundation/Http/Middleware/ConvertEmptyStringsToNull.php(31): Illuminate\\Foundation\\Http\\Middleware\\TransformsRequest->handle()
#27 /home/technothug/Desktop/laravel_test/inventory-management/vendor/laravel/framework/src/Illuminate/Pipeline/Pipeline.php(180): Illuminate\\Foundation\\Http\\Middleware\\ConvertEmptyStringsToNull->handle()
#28 /home/technothug/Desktop/laravel_test/inventory-management/vendor/laravel/framework/src/Illuminate/Foundation/Http/Middleware/TransformsRequest.php(21): Illuminate\\Pipeline\\Pipeline->Illuminate\\Pipeline\\{closure}()
#29 /home/technothug/Desktop/laravel_test/inventory-management/vendor/laravel/framework/src/Illuminate/Foundation/Http/Middleware/TrimStrings.php(40): Illuminate\\Foundation\\Http\\Middleware\\TransformsRequest->handle()
#30 /home/technothug/Desktop/laravel_test/inventory-management/vendor/laravel/framework/src/Illuminate/Pipeline/Pipeline.php(180): Illuminate\\Foundation\\Http\\Middleware\\TrimStrings->handle()
#31 /home/technothug/Desktop/laravel_test/inventory-management/vendor/laravel/framework/src/Illuminate/Foundation/Http/Middleware/ValidatePostSize.php(27): Illuminate\\Pipeline\\Pipeline->Illuminate\\Pipeline\\{closure}()
#32 /home/technothug/Desktop/laravel_test/inventory-management/vendor/laravel/framework/src/Illuminate/Pipeline/Pipeline.php(180): Illuminate\\Foundation\\Http\\Middleware\\ValidatePostSize->handle()
#33 /home/technothug/Desktop/laravel_test/inventory-management/vendor/laravel/framework/src/Illuminate/Foundation/Http/Middleware/PreventRequestsDuringMaintenance.php(86): Illuminate\\Pipeline\\Pipeline->Illuminate\\Pipeline\\{closure}()
#34 /home/technothug/Desktop/laravel_test/inventory-management/vendor/laravel/framework/src/Illuminate/Pipeline/Pipeline.php(180): Illuminate\\Foundation\\Http\\Middleware\\PreventRequestsDuringMaintenance->handle()
#35 /home/technothug/Desktop/laravel_test/inventory-management/vendor/laravel/framework/src/Illuminate/Http/Middleware/HandleCors.php(49): Illuminate\\Pipeline\\Pipeline->Illuminate\\Pipeline\\{closure}()
#36 /home/technothug/Desktop/laravel_test/inventory-management/vendor/laravel/framework/src/Illuminate/Pipeline/Pipeline.php(180): Illuminate\\Http\\Middleware\\HandleCors->handle()
#37 /home/technothug/Desktop/laravel_test/inventory-management/vendor/laravel/framework/src/Illuminate/Http/Middleware/TrustProxies.php(39): Illuminate\\Pipeline\\Pipeline->Illuminate\\Pipeline\\{closure}()
#38 /home/technothug/Desktop/laravel_test/inventory-management/vendor/laravel/framework/src/Illuminate/Pipeline/Pipeline.php(180): Illuminate\\Http\\Middleware\\TrustProxies->handle()
#39 /home/technothug/Desktop/laravel_test/inventory-management/vendor/laravel/framework/src/Illuminate/Pipeline/Pipeline.php(116): Illuminate\\Pipeline\\Pipeline->Illuminate\\Pipeline\\{closure}()
#40 /home/technothug/Desktop/laravel_test/inventory-management/vendor/laravel/framework/src/Illuminate/Foundation/Http/Kernel.php(142): Illuminate\\Pipeline\\Pipeline->then()
#41 /home/technothug/Desktop/laravel_test/inventory-management/vendor/laravel/framework/src/Illuminate/Foundation/Http/Kernel.php(111): Illuminate\\Foundation\\Http\\Kernel->sendRequestThroughRouter()
#42 /home/technothug/Desktop/laravel_test/inventory-management/public/index.php(51): Illuminate\\Foundation\\Http\\Kernel->handle()
#43 /home/technothug/Desktop/laravel_test/inventory-management/vendor/laravel/framework/src/Illuminate/Foundation/resources/server.php(16): require_once('...')
#44 {main}
"} 
[2023-02-26 10:27:25] local.ERROR: Carbon\Carbon::setLastErrors(): Argument #1 ($lastErrors) must be of type array, bool given, called in /home/technothug/Desktop/laravel_test/inventory-management/vendor/nesbot/carbon/src/Carbon/Traits/Creator.php on line 98 {"exception":"[object] (TypeError(code: 0): Carbon\\Carbon::setLastErrors(): Argument #1 ($lastErrors) must be of type array, bool given, called in /home/technothug/Desktop/laravel_test/inventory-management/vendor/nesbot/carbon/src/Carbon/Traits/Creator.php on line 98 at /home/technothug/Desktop/laravel_test/inventory-management/vendor/nesbot/carbon/src/Carbon/Traits/Creator.php:928)
[stacktrace]
#0 /home/technothug/Desktop/laravel_test/inventory-management/vendor/nesbot/carbon/src/Carbon/Traits/Creator.php(98): Carbon\\Carbon::setLastErrors()
#1 /home/technothug/Desktop/laravel_test/inventory-management/vendor/nesbot/carbon/src/Carbon/Traits/Creator.php(252): Carbon\\Carbon->__construct()
#2 /home/technothug/Desktop/laravel_test/inventory-management/vendor/laravel/framework/src/Illuminate/Session/Middleware/StartSession.php(259): Carbon\\Carbon::now()
#3 /home/technothug/Desktop/laravel_test/inventory-management/vendor/laravel/framework/src/Illuminate/Session/Middleware/StartSession.php(221): Illuminate\\Session\\Middleware\\StartSession->getCookieExpirationDate()
#4 /home/technothug/Desktop/laravel_test/inventory-management/vendor/laravel/framework/src/Illuminate/Session/Middleware/StartSession.php(125): Illuminate\\Session\\Middleware\\StartSession->addCookieToResponse()
#5 /home/technothug/Desktop/laravel_test/inventory-management/vendor/laravel/framework/src/Illuminate/Session/Middleware/StartSession.php(64): Illuminate\\Session\\Middleware\\StartSession->handleStatefulRequest()
#6 /home/technothug/Desktop/laravel_test/inventory-management/vendor/laravel/framework/src/Illuminate/Pipeline/Pipeline.php(180): Illuminate\\Session\\Middleware\\StartSession->handle()
#7 /home/technothug/Desktop/laravel_test/inventory-management/vendor/laravel/framework/src/Illuminate/Cookie/Middleware/AddQueuedCookiesToResponse.php(37): Illuminate\\Pipeline\\Pipeline->Illuminate\\Pipeline\\{closure}()
#8 /home/technothug/Desktop/laravel_test/inventory-management/vendor/laravel/framework/src/Illuminate/Pipeline/Pipeline.php(180): Illuminate\\Cookie\\Middleware\\AddQueuedCookiesToResponse->handle()
#9 /home/technothug/Desktop/laravel_test/inventory-management/vendor/laravel/framework/src/Illuminate/Cookie/Middleware/EncryptCookies.php(67): Illuminate\\Pipeline\\Pipeline->Illuminate\\Pipeline\\{closure}()
#10 /home/technothug/Desktop/laravel_test/inventory-management/vendor/laravel/framework/src/Illuminate/Pipeline/Pipeline.php(180): Illuminate\\Cookie\\Middleware\\EncryptCookies->handle()
#11 /home/technothug/Desktop/laravel_test/inventory-management/vendor/laravel/framework/src/Illuminate/Pipeline/Pipeline.php(116): Illuminate\\Pipeline\\Pipeline->Illuminate\\Pipeline\\{closure}()
#12 /home/technothug/Desktop/laravel_test/inventory-management/vendor/laravel/framework/src/Illuminate/Routing/Router.php(723): Illuminate\\Pipeline\\Pipeline->then()
#13 /home/technothug/Desktop/laravel_test/inventory-management/vendor/laravel/framework/src/Illuminate/Routing/Router.php(702): Illuminate\\Routing\\Router->runRouteWithinStack()
#14 /home/technothug/Desktop/laravel_test/inventory-management/vendor/laravel/framework/src/Illuminate/Routing/Router.php(666): Illuminate\\Routing\\Router->runRoute()
#15 /home/technothug/Desktop/laravel_test/inventory-management/vendor/laravel/framework/src/Illuminate/Routing/Router.php(655): Illuminate\\Routing\\Router->dispatchToRoute()
#16 /home/technothug/Desktop/laravel_test/inventory-management/vendor/laravel/framework/src/Illuminate/Foundation/Http/Kernel.php(167): Illuminate\\Routing\\Router->dispatch()
#17 /home/technothug/Desktop/laravel_test/inventory-management/vendor/laravel/framework/src/Illuminate/Pipeline/Pipeline.php(141): Illuminate\\Foundation\\Http\\Kernel->Illuminate\\Foundation\\Http\\{closure}()
#18 /home/technothug/Desktop/laravel_test/inventory-management/vendor/laravel/framework/src/Illuminate/Foundation/Http/Middleware/TransformsRequest.php(21): Illuminate\\Pipeline\\Pipeline->Illuminate\\Pipeline\\{closure}()
#19 /home/technothug/Desktop/laravel_test/inventory-management/vendor/laravel/framework/src/Illuminate/Foundation/Http/Middleware/ConvertEmptyStringsToNull.php(31): Illuminate\\Foundation\\Http\\Middleware\\TransformsRequest->handle()
#20 /home/technothug/Desktop/laravel_test/inventory-management/vendor/laravel/framework/src/Illuminate/Pipeline/Pipeline.php(180): Illuminate\\Foundation\\Http\\Middleware\\ConvertEmptyStringsToNull->handle()
#21 /home/technothug/Desktop/laravel_test/inventory-management/vendor/laravel/framework/src/Illuminate/Foundation/Http/Middleware/TransformsRequest.php(21): Illuminate\\Pipeline\\Pipeline->Illuminate\\Pipeline\\{closure}()
#22 /home/technothug/Desktop/laravel_test/inventory-management/vendor/laravel/framework/src/Illuminate/Foundation/Http/Middleware/TrimStrings.php(40): Illuminate\\Foundation\\Http\\Middleware\\TransformsRequest->handle()
#23 /home/technothug/Desktop/laravel_test/inventory-management/vendor/laravel/framework/src/Illuminate/Pipeline/Pipeline.php(180): Illuminate\\Foundation\\Http\\Middleware\\TrimStrings->handle()
#24 /home/technothug/Desktop/laravel_test/inventory-management/vendor/laravel/framework/src/Illuminate/Foundation/Http/Middleware/ValidatePostSize.php(27): Illuminate\\Pipeline\\Pipeline->Illuminate\\Pipeline\\{closure}()
#25 /home/technothug/Desktop/laravel_test/inventory-management/vendor/laravel/framework/src/Illuminate/Pipeline/Pipeline.php(180): Illuminate\\Foundation\\Http\\Middleware\\ValidatePostSize->handle()
#26 /home/technothug/Desktop/laravel_test/inventory-management/vendor/laravel/framework/src/Illuminate/Foundation/Http/Middleware/PreventRequestsDuringMaintenance.php(86): Illuminate\\Pipeline\\Pipeline->Illuminate\\Pipeline\\{closure}()
#27 /home/technothug/Desktop/laravel_test/inventory-management/vendor/laravel/framework/src/Illuminate/Pipeline/Pipeline.php(180): Illuminate\\Foundation\\Http\\Middleware\\PreventRequestsDuringMaintenance->handle()
#28 /home/technothug/Desktop/laravel_test/inventory-management/vendor/laravel/framework/src/Illuminate/Http/Middleware/HandleCors.php(49): Illuminate\\Pipeline\\Pipeline->Illuminate\\Pipeline\\{closure}()
#29 /home/technothug/Desktop/laravel_test/inventory-management/vendor/laravel/framework/src/Illuminate/Pipeline/Pipeline.php(180): Illuminate\\Http\\Middleware\\HandleCors->handle()
#30 /home/technothug/Desktop/laravel_test/inventory-management/vendor/laravel/framework/src/Illuminate/Http/Middleware/TrustProxies.php(39): Illuminate\\Pipeline\\Pipeline->Illuminate\\Pipeline\\{closure}()
#31 /home/technothug/Desktop/laravel_test/inventory-management/vendor/laravel/framework/src/Illuminate/Pipeline/Pipeline.php(180): Illuminate\\Http\\Middleware\\TrustProxies->handle()
#32 /home/technothug/Desktop/laravel_test/inventory-management/vendor/laravel/framework/src/Illuminate/Pipeline/Pipeline.php(116): Illuminate\\Pipeline\\Pipeline->Illuminate\\Pipeline\\{closure}()
#33 /home/technothug/Desktop/laravel_test/inventory-management/vendor/laravel/framework/src/Illuminate/Foundation/Http/Kernel.php(142): Illuminate\\Pipeline\\Pipeline->then()
#34 /home/technothug/Desktop/laravel_test/inventory-management/vendor/laravel/framework/src/Illuminate/Foundation/Http/Kernel.php(111): Illuminate\\Foundation\\Http\\Kernel->sendRequestThroughRouter()
#35 /home/technothug/Desktop/laravel_test/inventory-management/public/index.php(51): Illuminate\\Foundation\\Http\\Kernel->handle()
#36 /home/technothug/Desktop/laravel_test/inventory-management/vendor/laravel/framework/src/Illuminate/Foundation/resources/server.php(16): require_once('...')
#37 {main}
"} 
